<?xml version="1.0" encoding="UTF-8"?>
<testsuite xmlns:xsi="http://www.w3.org/2001/XMLSchema-instance" xsi:noNamespaceSchemaLocation="https://maven.apache.org/surefire/maven-surefire-plugin/xsd/surefire-test-report.xsd" name="TestSuite" time="206.209" tests="1" errors="0" skipped="0" failures="1">
  <properties>
[...]
</properties>
  <testcase name="feature" classname="io.godiscovery.runner.TestRunner" time="176.406">
    <failure message="org.openqa.selenium.NoSuchWindowException: no such window: target window already closed&#10;from unknown error: web view not found&#10;  (Session info: chrome=76.0.3809.132)&#10;Build info: version: &apos;3.11.0&apos;, revision: &apos;e59cfb3&apos;, time: &apos;2018-03-11T20:26:55.152Z&apos;&#10;System info: host: &apos;DESKTOP-KLIGK1A&apos;, ip: &apos;192.168.43.161&apos;, os.name: &apos;Windows 10&apos;, os.arch: &apos;x86&apos;, os.version: &apos;10.0&apos;, java.version: &apos;1.8.0_221&apos;&#10;Driver info: org.openqa.selenium.chrome.ChromeDriver&#10;Capabilities {acceptInsecureCerts: false, browserName: chrome, browserVersion: 76.0.3809.132, chrome: {chromedriverVersion: 75.0.3770.140 (2d9f97485c7b..., userDataDir: C:\Users\user\AppData\Local...}, goog:chromeOptions: {debuggerAddress: localhost:54141}, javascriptEnabled: true, networkConnectionEnabled: false, pageLoadStrategy: normal, platform: XP, platformName: XP, proxy: Proxy(), setWindowRect: true, strictFileInteractability: false, timeouts: {implicit: 0, pageLoad: 300000, script: 30000}, unhandledPromptBehavior: dismiss and notify}&#10;Session ID: 5b0dca8139a2804d701608f711efefb5" type="cucumber.runtime.CucumberException">cucumber.runtime.CucumberException: 
org.openqa.selenium.NoSuchWindowException: no such window: target window already closed
from unknown error: web view not found
  (Session info: chrome=76.0.3809.132)
Build info: version: '3.11.0', revision: 'e59cfb3', time: '2018-03-11T20:26:55.152Z'
System info: host: 'DESKTOP-KLIGK1A', ip: '192.168.43.161', os.name: 'Windows 10', os.arch: 'x86', os.version: '10.0', java.version: '1.8.0_221'
Driver info: org.openqa.selenium.chrome.ChromeDriver
Capabilities {acceptInsecureCerts: false, browserName: chrome, browserVersion: 76.0.3809.132, chrome: {chromedriverVersion: 75.0.3770.140 (2d9f97485c7b..., userDataDir: C:\Users\user\AppData\Local...}, goog:chromeOptions: {debuggerAddress: localhost:54141}, javascriptEnabled: true, networkConnectionEnabled: false, pageLoadStrategy: normal, platform: XP, platformName: XP, proxy: Proxy(), setWindowRect: true, strictFileInteractability: false, timeouts: {implicit: 0, pageLoad: 300000, script: 30000}, unhandledPromptBehavior: dismiss and notify}
Session ID: 5b0dca8139a2804d701608f711efefb5
	at io.godiscovery.runner.TestRunner.feature(TestRunner.java:41)
Caused by: org.openqa.selenium.NoSuchWindowException: 
no such window: target window already closed
from unknown error: web view not found
  (Session info: chrome=76.0.3809.132)
Build info: version: '3.11.0', revision: 'e59cfb3', time: '2018-03-11T20:26:55.152Z'
System info: host: 'DESKTOP-KLIGK1A', ip: '192.168.43.161', os.name: 'Windows 10', os.arch: 'x86', os.version: '10.0', java.version: '1.8.0_221'
Driver info: org.openqa.selenium.chrome.ChromeDriver
Capabilities {acceptInsecureCerts: false, browserName: chrome, browserVersion: 76.0.3809.132, chrome: {chromedriverVersion: 75.0.3770.140 (2d9f97485c7b..., userDataDir: C:\Users\user\AppData\Local...}, goog:chromeOptions: {debuggerAddress: localhost:54141}, javascriptEnabled: true, networkConnectionEnabled: false, pageLoadStrategy: normal, platform: XP, platformName: XP, proxy: Proxy(), setWindowRect: true, strictFileInteractability: false, timeouts: {implicit: 0, pageLoad: 300000, script: 30000}, unhandledPromptBehavior: dismiss and notify}
Session ID: 5b0dca8139a2804d701608f711efefb5
</failure>
    <system-out><![CDATA[Feature: Go Discovery

  Scenario: Verify the items are added in My favorites                                                            &amp#27;[90m# godiscovery.feature:3&amp#27;[0m
    &amp#27;[31mGiven &amp#27;[0m&amp#27;[31mopen browser and enter url&amp#27;[0m                                                                              &amp#27;[90m# StepDefination.open_browser_and_enter_url()&amp#27;[0m
      &amp#27;[31morg.openqa.selenium.NoSuchWindowException: no such window: target window already closed
      from unknown error: web view not found
        (Session info: chrome=76.0.3809.132)
      Build info: version: '3.11.0', revision: 'e59cfb3', time: '2018-03-11T20:26:55.152Z'
      System info: host: 'DESKTOP-KLIGK1A', ip: '192.168.43.161', os.name: 'Windows 10', os.arch: 'x86', os.version: '10.0', java.version: '1.8.0_221'
      Driver info: org.openqa.selenium.chrome.ChromeDriver
      Capabilities {acceptInsecureCerts: false, browserName: chrome, browserVersion: 76.0.3809.132, chrome: {chromedriverVersion: 75.0.3770.140 (2d9f97485c7b..., userDataDir: C:\Users\user\AppData\Local...}, goog:chromeOptions: {debuggerAddress: localhost:54141}, javascriptEnabled: true, networkConnectionEnabled: false, pageLoadStrategy: normal, platform: XP, platformName: XP, proxy: Proxy(), setWindowRect: true, strictFileInteractability: false, timeouts: {implicit: 0, pageLoad: 300000, script: 30000}, unhandledPromptBehavior: dismiss and notify}
      Session ID: 5b0dca8139a2804d701608f711efefb5
      	at sun.reflect.NativeConstructorAccessorImpl.newInstance0(Native Method)
      	at sun.reflect.NativeConstructorAccessorImpl.newInstance(NativeConstructorAccessorImpl.java:62)
      	at sun.reflect.DelegatingConstructorAccessorImpl.newInstance(DelegatingConstructorAccessorImpl.java:45)
      	at java.lang.reflect.Constructor.newInstance(Constructor.java:423)
      	at org.openqa.selenium.remote.http.W3CHttpResponseCodec.createException(W3CHttpResponseCodec.java:187)
      	at org.openqa.selenium.remote.http.W3CHttpResponseCodec.decode(W3CHttpResponseCodec.java:122)
      	at org.openqa.selenium.remote.http.W3CHttpResponseCodec.decode(W3CHttpResponseCodec.java:49)
      	at org.openqa.selenium.remote.HttpCommandExecutor.execute(HttpCommandExecutor.java:158)
      	at org.openqa.selenium.remote.service.DriverCommandExecutor.execute(DriverCommandExecutor.java:83)
      	at org.openqa.selenium.remote.RemoteWebDriver.execute(RemoteWebDriver.java:545)
      	at org.openqa.selenium.remote.RemoteWebDriver.execute(RemoteWebDriver.java:602)
      	at org.openqa.selenium.remote.RemoteWebDriver.getTitle(RemoteWebDriver.java:277)
      	at io.godiscovery.lib.BaseTest.initialization(BaseTest.java:67)
      	at stepDefinitions.StepDefination.open_browser_and_enter_url(StepDefination.java:21)
      	at ?.Given open browser and enter url(godiscovery.feature:5)
      &amp#27;[0m
    &amp#27;[36mWhen &amp#27;[0m&amp#27;[36mtitle of home page is Discovery - Official Site&amp#27;[0m                                                          &amp#27;[90m# StepDefination.title_of_home_page_is_Discovery_Official_Site()&amp#27;[0m
    &amp#27;[36mThen &amp#27;[0m&amp#27;[36mUser clicks on shows and selects see all shows&amp#27;[0m                                                           &amp#27;[90m# StepDefination.user_clicks_on_shows_and_selects_see_all_shows()&amp#27;[0m
    &amp#27;[36mThen &amp#27;[0m&amp#27;[36mselect apollo shows and verify the favorites status and change the status of favorites and verify status&amp#27;[0m &amp#27;[90m# StepDefination.select_apollo_shows_and_verify_the_favorites_status_and_change_the_status_of_favorites_and_verify_status()&amp#27;[0m
    &amp#27;[36mThen &amp#27;[0m&amp#27;[36mUser clicks on menu option&amp#27;[0m                                                                               &amp#27;[90m# StepDefination.user_clicks_on_menu_option()&amp#27;[0m
    &amp#27;[36mThen &amp#27;[0m&amp#27;[36mUser click on My videos option&amp#27;[0m                                                                           &amp#27;[90m# StepDefination.user_click_on_My_videos_option()&amp#27;[0m
    &amp#27;[36mThen &amp#27;[0m&amp#27;[36mVerify the items are added in My favorites&amp#27;[0m                                                               &amp#27;[90m# StepDefination.verify_the_items_are_added_in_My_favorites()&amp#27;[0m
    &amp#27;[36mThen &amp#27;[0m&amp#27;[36mclose browser&amp#27;[0m                                                                                            &amp#27;[90m# StepDefination.close_browser()&amp#27;[0m

  Scenario: Verify the items are added in My favorites   &amp#27;[90m# godiscovery.feature:14&amp#27;[0m
    &amp#27;[31mGiven &amp#27;[0m&amp#27;[31mopen browser and enter url&amp#27;[0m                     &amp#27;[90m# StepDefination.open_browser_and_enter_url()&amp#27;[0m
      &amp#27;[31morg.openqa.selenium.NoSuchWindowException: no such window: target window already closed
      from unknown error: web view not found
        (Session info: chrome=76.0.3809.132)
      Build info: version: '3.11.0', revision: 'e59cfb3', time: '2018-03-11T20:26:55.152Z'
      System info: host: 'DESKTOP-KLIGK1A', ip: '192.168.43.161', os.name: 'Windows 10', os.arch: 'x86', os.version: '10.0', java.version: '1.8.0_221'
      Driver info: org.openqa.selenium.chrome.ChromeDriver
      Capabilities {acceptInsecureCerts: false, browserName: chrome, browserVersion: 76.0.3809.132, chrome: {chromedriverVersion: 75.0.3770.140 (2d9f97485c7b..., userDataDir: C:\Users\user\AppData\Local...}, goog:chromeOptions: {debuggerAddress: localhost:54232}, javascriptEnabled: true, networkConnectionEnabled: false, pageLoadStrategy: normal, platform: XP, platformName: XP, proxy: Proxy(), setWindowRect: true, strictFileInteractability: false, timeouts: {implicit: 0, pageLoad: 300000, script: 30000}, unhandledPromptBehavior: dismiss and notify}
      Session ID: 82351d8e493563008064f22304d03e24
      	at sun.reflect.NativeConstructorAccessorImpl.newInstance0(Native Method)
      	at sun.reflect.NativeConstructorAccessorImpl.newInstance(NativeConstructorAccessorImpl.java:62)
      	at sun.reflect.DelegatingConstructorAccessorImpl.newInstance(DelegatingConstructorAccessorImpl.java:45)
      	at java.lang.reflect.Constructor.newInstance(Constructor.java:423)
      	at org.openqa.selenium.remote.http.W3CHttpResponseCodec.createException(W3CHttpResponseCodec.java:187)
      	at org.openqa.selenium.remote.http.W3CHttpResponseCodec.decode(W3CHttpResponseCodec.java:122)
      	at org.openqa.selenium.remote.http.W3CHttpResponseCodec.decode(W3CHttpResponseCodec.java:49)
      	at org.openqa.selenium.remote.HttpCommandExecutor.execute(HttpCommandExecutor.java:158)
      	at org.openqa.selenium.remote.service.DriverCommandExecutor.execute(DriverCommandExecutor.java:83)
      	at org.openqa.selenium.remote.RemoteWebDriver.execute(RemoteWebDriver.java:545)
      	at org.openqa.selenium.remote.RemoteWebDriver.execute(RemoteWebDriver.java:602)
      	at org.openqa.selenium.remote.RemoteWebDriver.getTitle(RemoteWebDriver.java:277)
      	at io.godiscovery.lib.BaseTest.initialization(BaseTest.java:67)
      	at stepDefinitions.StepDefination.open_browser_and_enter_url(StepDefination.java:21)
      	at ?.Given open browser and enter url(godiscovery.feature:16)
      &amp#27;[0m
    &amp#27;[36mWhen &amp#27;[0m&amp#27;[36mtitle of home page is Discovery - Official Site&amp#27;[0m &amp#27;[90m# StepDefination.title_of_home_page_is_Discovery_Official_Site()&amp#27;[0m
    &amp#27;[36mThen &amp#27;[0m&amp#27;[36mscroll down to populer show&amp#27;[0m                     &amp#27;[90m# StepDefination.scroll_down_to_populer_show()&amp#27;[0m
    &amp#27;[36mThen &amp#27;[0m&amp#27;[36mGo to last Video by pressing right Arrow&amp#27;[0m        &amp#27;[90m# StepDefination.go_to_last_Video_by_pressing_right_Arrow()&amp#27;[0m
    &amp#27;[36mThen &amp#27;[0m&amp#27;[36mClick on Explore show&amp#27;[0m                           &amp#27;[90m# StepDefination.click_on_Explore_show()&amp#27;[0m
    &amp#27;[36mThen &amp#27;[0m&amp#27;[36mClick on more show&amp#27;[0m                              &amp#27;[90m# StepDefination.click_on_more_show()&amp#27;[0m
    &amp#27;[36mThen &amp#27;[0m&amp#27;[36mwrite title and duration of show into a file&amp#27;[0m    &amp#27;[90m# StepDefination.write_title_and_duration_of_show_into_a_file()&amp#27;[0m
    &amp#27;[36mThen &amp#27;[0m&amp#27;[36mclose browser&amp#27;[0m                                   &amp#27;[90m# StepDefination.close_browser()&amp#27;[0m
]]></system-out>
    <system-err><![CDATA[Starting ChromeDriver 75.0.3770.140 (2d9f97485c7b07dc18a74666574f19176731995c-refs/branch-heads/3770@{#1155}) on port 34711
Only local connections are allowed.
Please protect ports used by ChromeDriver and related test frameworks to prevent access by malicious code.
[1568100711.779][WARNING]: This version of ChromeDriver has not been tested with Chrome version 76.
[1568100712.958][WARNING]: This version of ChromeDriver has not been tested with Chrome version 76.
[1568100713.451][WARNING]: This version of ChromeDriver has not been tested with Chrome version 76.
Sep 10, 2019 12:31:56 AM org.openqa.selenium.remote.ProtocolHandshake createSession
INFO: Detected dialect: W3C
[1568100757.853][SEVERE]: Timed out receiving message from renderer: 37.754
[1568100757.866][SEVERE]: Timed out receiving message from renderer: -0.013
Starting ChromeDriver 75.0.3770.140 (2d9f97485c7b07dc18a74666574f19176731995c-refs/branch-heads/3770@{#1155}) on port 23615
Only local connections are allowed.
Please protect ports used by ChromeDriver and related test frameworks to prevent access by malicious code.
[1568100811.286][WARNING]: This version of ChromeDriver has not been tested with Chrome version 76.
Sep 10, 2019 12:33:32 AM org.openqa.selenium.remote.ProtocolHandshake createSession
INFO: Detected dialect: W3C
]]></system-err>
  </testcase>
</testsuite>